2021-03-26 15:51:43 - PHP Notice:  Undefined variable: text_information in D:\OpenServer\domains\opencart.loc\catalog\view\theme\apple\template\common\header.tpl on line 114
2021-03-26 15:51:43 - PHP Notice:  Undefined variable: informations in D:\OpenServer\domains\opencart.loc\catalog\view\theme\apple\template\common\header.tpl on line 121
2021-03-29 10:37:12 - PHP Notice:  Undefined variable: logo in D:\OpenServer\domains\opencart.loc\catalog\view\theme\apple\template\common\footer.tpl on line 85
2021-03-29 10:48:04 - PHP Notice:  Undefined variable: logo in D:\OpenServer\domains\opencart.loc\catalog\view\theme\apple\template\common\footer.tpl on line 85
2021-03-29 10:48:30 - PHP Notice:  Undefined variable: logo in D:\OpenServer\domains\opencart.loc\catalog\view\theme\apple\template\common\footer.tpl on line 85
2021-03-29 10:52:30 - PHP Notice:  Undefined variable: logo in D:\OpenServer\domains\opencart.loc\catalog\view\theme\apple\template\common\footer.tpl on line 85
2021-03-29 12:18:51 - PHP Notice:  Undefined variable: logo in D:\OpenServer\domains\opencart.loc\catalog\view\theme\apple\template\common\footer.tpl on line 85
2021-03-29 13:07:59 - PHP Notice:  Undefined variable: logo in D:\OpenServer\domains\opencart.loc\catalog\view\theme\apple\template\common\footer.tpl on line 85
2021-03-29 13:08:40 - PHP Notice:  Undefined variable: logo in D:\OpenServer\domains\opencart.loc\catalog\view\theme\apple\template\common\footer.tpl on line 85
2021-03-29 13:09:38 - PHP Notice:  Undefined variable: logo in D:\OpenServer\domains\opencart.loc\catalog\view\theme\apple\template\common\footer.tpl on line 85
2021-03-29 13:10:48 - PHP Notice:  Undefined variable: logo in D:\OpenServer\domains\opencart.loc\catalog\view\theme\apple\template\common\footer.tpl on line 85
2021-03-29 13:13:58 - PHP Notice:  Undefined variable: logo in D:\OpenServer\domains\opencart.loc\catalog\view\theme\apple\template\common\footer.tpl on line 85
2021-03-29 13:13:58 - PHP Notice:  Undefined variable: telephone in D:\OpenServer\domains\opencart.loc\catalog\view\theme\apple\template\common\footer.tpl on line 137
2021-03-29 13:22:24 - PHP Notice:  Undefined variable: logo in D:\OpenServer\domains\opencart.loc\catalog\view\theme\apple\template\common\footer.tpl on line 85
2021-03-29 13:22:24 - PHP Notice:  Undefined variable: telephone in D:\OpenServer\domains\opencart.loc\catalog\view\theme\apple\template\common\footer.tpl on line 136
2021-03-29 13:34:31 - PHP Notice:  Undefined variable: logo in D:\OpenServer\domains\opencart.loc\catalog\view\theme\apple\template\common\footer.tpl on line 85
2021-03-29 13:34:31 - PHP Notice:  Undefined variable: telephone in D:\OpenServer\domains\opencart.loc\catalog\view\theme\apple\template\common\footer.tpl on line 136
2021-03-29 13:34:34 - PHP Notice:  Undefined variable: logo in D:\OpenServer\domains\opencart.loc\catalog\view\theme\apple\template\common\footer.tpl on line 85
2021-03-29 13:34:34 - PHP Notice:  Undefined variable: telephone in D:\OpenServer\domains\opencart.loc\catalog\view\theme\apple\template\common\footer.tpl on line 136
2021-03-29 13:34:35 - PHP Notice:  Undefined variable: logo in D:\OpenServer\domains\opencart.loc\catalog\view\theme\apple\template\common\footer.tpl on line 85
2021-03-29 13:34:35 - PHP Notice:  Undefined variable: telephone in D:\OpenServer\domains\opencart.loc\catalog\view\theme\apple\template\common\footer.tpl on line 136
2021-03-29 13:34:39 - PHP Notice:  Undefined variable: logo in D:\OpenServer\domains\opencart.loc\catalog\view\theme\apple\template\common\footer.tpl on line 85
2021-03-29 13:34:39 - PHP Notice:  Undefined variable: telephone in D:\OpenServer\domains\opencart.loc\catalog\view\theme\apple\template\common\footer.tpl on line 136
2021-03-29 18:36:16 - PHP Warning:  A non-numeric value encountered in D:\OpenServer\domains\opencart.loc\system\storage\modification\catalog\controller\product\category.php on line 177
2021-03-29 18:36:16 - PHP Warning:  A non-numeric value encountered in D:\OpenServer\domains\opencart.loc\system\storage\modification\catalog\controller\product\category.php on line 352
2021-03-29 18:36:16 - PHP Warning:  A non-numeric value encountered in D:\OpenServer\domains\opencart.loc\system\storage\modification\catalog\controller\product\category.php on line 352
2021-03-29 18:36:16 - PHP Warning:  A non-numeric value encountered in D:\OpenServer\domains\opencart.loc\system\storage\modification\catalog\controller\product\category.php on line 352
2021-03-29 18:36:16 - PHP Warning:  A non-numeric value encountered in D:\OpenServer\domains\opencart.loc\system\storage\modification\catalog\controller\product\category.php on line 360
2021-03-29 18:36:16 - PHP Warning:  A non-numeric value encountered in D:\OpenServer\domains\opencart.loc\system\storage\modification\catalog\controller\product\category.php on line 364
2021-03-30 10:40:10 - PHP Warning:  A non-numeric value encountered in D:\OpenServer\domains\opencart.loc\system\storage\modification\catalog\controller\product\category.php on line 177
2021-03-30 10:40:10 - PHP Warning:  A non-numeric value encountered in D:\OpenServer\domains\opencart.loc\system\storage\modification\catalog\controller\product\category.php on line 352
2021-03-30 10:40:10 - PHP Warning:  A non-numeric value encountered in D:\OpenServer\domains\opencart.loc\system\storage\modification\catalog\controller\product\category.php on line 352
2021-03-30 10:40:10 - PHP Warning:  A non-numeric value encountered in D:\OpenServer\domains\opencart.loc\system\storage\modification\catalog\controller\product\category.php on line 352
2021-03-30 10:40:10 - PHP Warning:  A non-numeric value encountered in D:\OpenServer\domains\opencart.loc\system\storage\modification\catalog\controller\product\category.php on line 360
2021-03-30 10:40:10 - PHP Warning:  A non-numeric value encountered in D:\OpenServer\domains\opencart.loc\system\storage\modification\catalog\controller\product\category.php on line 364
2021-03-30 10:40:15 - PHP Warning:  A non-numeric value encountered in D:\OpenServer\domains\opencart.loc\system\storage\modification\catalog\controller\product\category.php on line 177
2021-03-30 10:40:15 - PHP Warning:  A non-numeric value encountered in D:\OpenServer\domains\opencart.loc\system\storage\modification\catalog\controller\product\category.php on line 352
2021-03-30 10:40:15 - PHP Warning:  A non-numeric value encountered in D:\OpenServer\domains\opencart.loc\system\storage\modification\catalog\controller\product\category.php on line 352
2021-03-30 10:40:15 - PHP Warning:  A non-numeric value encountered in D:\OpenServer\domains\opencart.loc\system\storage\modification\catalog\controller\product\category.php on line 352
2021-03-30 10:40:15 - PHP Warning:  A non-numeric value encountered in D:\OpenServer\domains\opencart.loc\system\storage\modification\catalog\controller\product\category.php on line 360
2021-03-30 10:40:15 - PHP Warning:  A non-numeric value encountered in D:\OpenServer\domains\opencart.loc\system\storage\modification\catalog\controller\product\category.php on line 364
2021-03-30 10:40:22 - PHP Warning:  A non-numeric value encountered in D:\OpenServer\domains\opencart.loc\system\storage\modification\catalog\controller\product\category.php on line 177
2021-03-30 10:40:22 - PHP Warning:  A non-numeric value encountered in D:\OpenServer\domains\opencart.loc\system\storage\modification\catalog\controller\product\category.php on line 352
2021-03-30 10:40:22 - PHP Warning:  A non-numeric value encountered in D:\OpenServer\domains\opencart.loc\system\storage\modification\catalog\controller\product\category.php on line 352
2021-03-30 10:40:22 - PHP Warning:  A non-numeric value encountered in D:\OpenServer\domains\opencart.loc\system\storage\modification\catalog\controller\product\category.php on line 352
2021-03-30 10:40:22 - PHP Warning:  A non-numeric value encountered in D:\OpenServer\domains\opencart.loc\system\storage\modification\catalog\controller\product\category.php on line 360
2021-03-30 10:40:22 - PHP Warning:  A non-numeric value encountered in D:\OpenServer\domains\opencart.loc\system\storage\modification\catalog\controller\product\category.php on line 364
